{"$message_type":"diagnostic","message":"unresolved import `tempfile`","code":{"code":"E0432","explanation":"An import was unresolved.\n\nErroneous code example:\n\n```compile_fail,E0432\nuse something::Foo; // error: unresolved import `something::Foo`.\n```\n\nIn Rust 2015, paths in `use` statements are relative to the crate root. To\nimport items relative to the current and parent modules, use the `self::` and\n`super::` prefixes, respectively.\n\nIn Rust 2018 or later, paths in `use` statements are relative to the current\nmodule unless they begin with the name of a crate or a literal `crate::`, in\nwhich case they start from the crate root. As in Rust 2015 code, the `self::`\nand `super::` prefixes refer to the current and parent modules respectively.\n\nAlso verify that you didn't misspell the import name and that the import exists\nin the module from where you tried to import it. Example:\n\n```\nuse self::something::Foo; // Ok.\n\nmod something {\n    pub struct Foo;\n}\n# fn main() {}\n```\n\nIf you tried to use a module from an external crate and are using Rust 2015,\nyou may have missed the `extern crate` declaration (which is usually placed in\nthe crate root):\n\n```edition2015\nextern crate core; // Required to use the `core` crate in Rust 2015.\n\nuse core::any;\n# fn main() {}\n```\n\nSince Rust 2018 the `extern crate` declaration is not required and\nyou can instead just `use` it:\n\n```edition2018\nuse core::any; // No extern crate required in Rust 2018.\n# fn main() {}\n```\n"},"level":"error","spans":[{"file_name":"tests/artifacts_integration.rs","byte_start":607,"byte_end":615,"line_start":14,"line_end":14,"column_start":5,"column_end":13,"is_primary":true,"text":[{"text":"use tempfile::TempDir;","highlight_start":5,"highlight_end":13}],"label":"use of unresolved module or unlinked crate `tempfile`","suggested_replacement":null,"suggestion_applicability":null,"expansion":null}],"children":[{"message":"if you wanted to use a crate named `tempfile`, use `cargo add tempfile` to add it to your `Cargo.toml`","code":null,"level":"help","spans":[],"children":[],"rendered":null}],"rendered":"\u001b[1m\u001b[91merror[E0432]\u001b[0m\u001b[1m: unresolved import `tempfile`\u001b[0m\n  \u001b[1m\u001b[94m--> \u001b[0mtests/artifacts_integration.rs:14:5\n   \u001b[1m\u001b[94m|\u001b[0m\n\u001b[1m\u001b[94m14\u001b[0m \u001b[1m\u001b[94m|\u001b[0m use tempfile::TempDir;\n   \u001b[1m\u001b[94m|\u001b[0m     \u001b[1m\u001b[91m^^^^^^^^\u001b[0m \u001b[1m\u001b[91muse of unresolved module or unlinked crate `tempfile`\u001b[0m\n   \u001b[1m\u001b[94m|\u001b[0m\n   \u001b[1m\u001b[94m= \u001b[0m\u001b[1mhelp\u001b[0m: if you wanted to use a crate named `tempfile`, use `cargo add tempfile` to add it to your `Cargo.toml`\n\n"}
{"$message_type":"diagnostic","message":"unused imports: `ArtifactBundle`, `DeviceInfo`, `ProvenanceData`, `RuntimeInfo`, and `SystemInfo`","code":{"code":"unused_imports","explanation":null},"level":"warning","spans":[{"file_name":"tests/artifacts_integration.rs","byte_start":297,"byte_end":311,"line_start":7,"line_end":7,"column_start":5,"column_end":19,"is_primary":true,"text":[{"text":"    ArtifactBundle, ArtifactType, BundleBuilder, CreatorInfo, ProvenanceData,","highlight_start":5,"highlight_end":19}],"label":null,"suggested_replacement":null,"suggestion_applicability":null,"expansion":null},{"file_name":"tests/artifacts_integration.rs","byte_start":355,"byte_end":369,"line_start":7,"line_end":7,"column_start":63,"column_end":77,"is_primary":true,"text":[{"text":"    ArtifactBundle, ArtifactType, BundleBuilder, CreatorInfo, ProvenanceData,","highlight_start":63,"highlight_end":77}],"label":null,"suggested_replacement":null,"suggestion_applicability":null,"expansion":null},{"file_name":"tests/artifacts_integration.rs","byte_start":465,"byte_end":476,"line_start":9,"line_end":9,"column_start":5,"column_end":16,"is_primary":true,"text":[{"text":"    RuntimeInfo, SystemInfo, DeviceInfo,","highlight_start":5,"highlight_end":16}],"label":null,"suggested_replacement":null,"suggestion_applicability":null,"expansion":null},{"file_name":"tests/artifacts_integration.rs","byte_start":478,"byte_end":488,"line_start":9,"line_end":9,"column_start":18,"column_end":28,"is_primary":true,"text":[{"text":"    RuntimeInfo, SystemInfo, DeviceInfo,","highlight_start":18,"highlight_end":28}],"label":null,"suggested_replacement":null,"suggestion_applicability":null,"expansion":null},{"file_name":"tests/artifacts_integration.rs","byte_start":490,"byte_end":500,"line_start":9,"line_end":9,"column_start":30,"column_end":40,"is_primary":true,"text":[{"text":"    RuntimeInfo, SystemInfo, DeviceInfo,","highlight_start":30,"highlight_end":40}],"label":null,"suggested_replacement":null,"suggestion_applicability":null,"expansion":null}],"children":[{"message":"`#[warn(unused_imports)]` (part of `#[warn(unused)]`) on by default","code":null,"level":"note","spans":[],"children":[],"rendered":null},{"message":"remove the unused imports","code":null,"level":"help","spans":[{"file_name":"tests/artifacts_integration.rs","byte_start":297,"byte_end":313,"line_start":7,"line_end":7,"column_start":5,"column_end":21,"is_primary":true,"text":[{"text":"    ArtifactBundle, ArtifactType, BundleBuilder, CreatorInfo, ProvenanceData,","highlight_start":5,"highlight_end":21}],"label":null,"suggested_replacement":"","suggestion_applicability":"MachineApplicable","expansion":null},{"file_name":"tests/artifacts_integration.rs","byte_start":353,"byte_end":369,"line_start":7,"line_end":7,"column_start":61,"column_end":77,"is_primary":true,"text":[{"text":"    ArtifactBundle, ArtifactType, BundleBuilder, CreatorInfo, ProvenanceData,","highlight_start":61,"highlight_end":77}],"label":null,"suggested_replacement":"","suggestion_applicability":"MachineApplicable","expansion":null},{"file_name":"tests/artifacts_integration.rs","byte_start":459,"byte_end":500,"line_start":8,"line_end":9,"column_start":89,"column_end":40,"is_primary":true,"text":[{"text":"    export_bundle, ExportFormat, capture_environment, compute_deterministic_id, short_id,","highlight_start":89,"highlight_end":90},{"text":"    RuntimeInfo, SystemInfo, DeviceInfo,","highlight_start":1,"highlight_end":40}],"label":null,"suggested_replacement":"","suggestion_applicability":"MachineApplicable","expansion":null}],"children":[],"rendered":null}],"rendered":"\u001b[1m\u001b[33mwarning\u001b[0m\u001b[1m: unused imports: `ArtifactBundle`, `DeviceInfo`, `ProvenanceData`, `RuntimeInfo`, and `SystemInfo`\u001b[0m\n \u001b[1m\u001b[94m--> \u001b[0mtests/artifacts_integration.rs:7:5\n  \u001b[1m\u001b[94m|\u001b[0m\n\u001b[1m\u001b[94m7\u001b[0m \u001b[1m\u001b[94m|\u001b[0m     ArtifactBundle, ArtifactType, BundleBuilder, CreatorInfo, ProvenanceData,\n  \u001b[1m\u001b[94m|\u001b[0m     \u001b[1m\u001b[33m^^^^^^^^^^^^^^\u001b[0m                                            \u001b[1m\u001b[33m^^^^^^^^^^^^^^\u001b[0m\n\u001b[1m\u001b[94m8\u001b[0m \u001b[1m\u001b[94m|\u001b[0m     export_bundle, ExportFormat, capture_environment, compute_deterministic_id, short_id,\n\u001b[1m\u001b[94m9\u001b[0m \u001b[1m\u001b[94m|\u001b[0m     RuntimeInfo, SystemInfo, DeviceInfo,\n  \u001b[1m\u001b[94m|\u001b[0m     \u001b[1m\u001b[33m^^^^^^^^^^^\u001b[0m  \u001b[1m\u001b[33m^^^^^^^^^^\u001b[0m  \u001b[1m\u001b[33m^^^^^^^^^^\u001b[0m\n  \u001b[1m\u001b[94m|\u001b[0m\n  \u001b[1m\u001b[94m= \u001b[0m\u001b[1mnote\u001b[0m: `#[warn(unused_imports)]` (part of `#[warn(unused)]`) on by default\n\n"}
{"$message_type":"diagnostic","message":"unused import: `std::path::PathBuf`","code":{"code":"unused_imports","explanation":null},"level":"warning","spans":[{"file_name":"tests/artifacts_integration.rs","byte_start":583,"byte_end":601,"line_start":13,"line_end":13,"column_start":5,"column_end":23,"is_primary":true,"text":[{"text":"use std::path::PathBuf;","highlight_start":5,"highlight_end":23}],"label":null,"suggested_replacement":null,"suggestion_applicability":null,"expansion":null}],"children":[{"message":"remove the whole `use` item","code":null,"level":"help","spans":[{"file_name":"tests/artifacts_integration.rs","byte_start":579,"byte_end":603,"line_start":13,"line_end":14,"column_start":1,"column_end":1,"is_primary":true,"text":[{"text":"use std::path::PathBuf;","highlight_start":1,"highlight_end":24},{"text":"use tempfile::TempDir;","highlight_start":1,"highlight_end":1}],"label":null,"suggested_replacement":"","suggestion_applicability":"MachineApplicable","expansion":null}],"children":[],"rendered":null}],"rendered":"\u001b[1m\u001b[33mwarning\u001b[0m\u001b[1m: unused import: `std::path::PathBuf`\u001b[0m\n  \u001b[1m\u001b[94m--> \u001b[0mtests/artifacts_integration.rs:13:5\n   \u001b[1m\u001b[94m|\u001b[0m\n\u001b[1m\u001b[94m13\u001b[0m \u001b[1m\u001b[94m|\u001b[0m use std::path::PathBuf;\n   \u001b[1m\u001b[94m|\u001b[0m     \u001b[1m\u001b[33m^^^^^^^^^^^^^^^^^^\u001b[0m\n\n"}
{"$message_type":"diagnostic","message":"no field `created_at` on type `ArtifactBundle`","code":{"code":"E0609","explanation":"Attempted to access a nonexistent field in a struct.\n\nErroneous code example:\n\n```compile_fail,E0609\nstruct StructWithFields {\n    x: u32,\n}\n\nlet s = StructWithFields { x: 0 };\nprintln!(\"{}\", s.foo); // error: no field `foo` on type `StructWithFields`\n```\n\nTo fix this error, check that you didn't misspell the field's name or that the\nfield actually exists. Example:\n\n```\nstruct StructWithFields {\n    x: u32,\n}\n\nlet s = StructWithFields { x: 0 };\nprintln!(\"{}\", s.x); // ok!\n```\n"},"level":"error","spans":[{"file_name":"tests/artifacts_integration.rs","byte_start":2256,"byte_end":2266,"line_start":70,"line_end":70,"column_start":21,"column_end":31,"is_primary":true,"text":[{"text":"    assert!(!bundle.created_at.is_empty());","highlight_start":21,"highlight_end":31}],"label":"unknown field","suggested_replacement":null,"suggestion_applicability":null,"expansion":null}],"children":[{"message":"one of the expressions' fields has a field of the same name","code":null,"level":"help","spans":[{"file_name":"tests/artifacts_integration.rs","byte_start":2256,"byte_end":2256,"line_start":70,"line_end":70,"column_start":21,"column_end":21,"is_primary":true,"text":[{"text":"    assert!(!bundle.created_at.is_empty());","highlight_start":21,"highlight_end":21}],"label":null,"suggested_replacement":"manifest.","suggestion_applicability":"MaybeIncorrect","expansion":null}],"children":[],"rendered":null}],"rendered":"\u001b[1m\u001b[91merror[E0609]\u001b[0m\u001b[1m: no field `created_at` on type `ArtifactBundle`\u001b[0m\n  \u001b[1m\u001b[94m--> \u001b[0mtests/artifacts_integration.rs:70:21\n   \u001b[1m\u001b[94m|\u001b[0m\n\u001b[1m\u001b[94m70\u001b[0m \u001b[1m\u001b[94m|\u001b[0m     assert!(!bundle.created_at.is_empty());\n   \u001b[1m\u001b[94m|\u001b[0m                     \u001b[1m\u001b[91m^^^^^^^^^^\u001b[0m \u001b[1m\u001b[91munknown field\u001b[0m\n   \u001b[1m\u001b[94m|\u001b[0m\n\u001b[1m\u001b[96mhelp\u001b[0m: one of the expressions' fields has a field of the same name\n   \u001b[1m\u001b[94m|\u001b[0m\n\u001b[1m\u001b[94m70\u001b[0m \u001b[1m\u001b[94m| \u001b[0m    assert!(!bundle.\u001b[92mmanifest.\u001b[0mcreated_at.is_empty());\n   \u001b[1m\u001b[94m|\u001b[0m                     \u001b[92m+++++++++\u001b[0m\n\n"}
{"$message_type":"diagnostic","message":"no field `awen_runtime_version` on type `ArtifactBundle`","code":{"code":"E0609","explanation":"Attempted to access a nonexistent field in a struct.\n\nErroneous code example:\n\n```compile_fail,E0609\nstruct StructWithFields {\n    x: u32,\n}\n\nlet s = StructWithFields { x: 0 };\nprintln!(\"{}\", s.foo); // error: no field `foo` on type `StructWithFields`\n```\n\nTo fix this error, check that you didn't misspell the field's name or that the\nfield actually exists. Example:\n\n```\nstruct StructWithFields {\n    x: u32,\n}\n\nlet s = StructWithFields { x: 0 };\nprintln!(\"{}\", s.x); // ok!\n```\n"},"level":"error","spans":[{"file_name":"tests/artifacts_integration.rs","byte_start":2300,"byte_end":2320,"line_start":71,"line_end":71,"column_start":21,"column_end":41,"is_primary":true,"text":[{"text":"    assert!(!bundle.awen_runtime_version.is_empty());","highlight_start":21,"highlight_end":41}],"label":"unknown field","suggested_replacement":null,"suggestion_applicability":null,"expansion":null}],"children":[{"message":"one of the expressions' fields has a field of the same name","code":null,"level":"help","spans":[{"file_name":"tests/artifacts_integration.rs","byte_start":2300,"byte_end":2300,"line_start":71,"line_end":71,"column_start":21,"column_end":21,"is_primary":true,"text":[{"text":"    assert!(!bundle.awen_runtime_version.is_empty());","highlight_start":21,"highlight_end":21}],"label":null,"suggested_replacement":"manifest.","suggestion_applicability":"MaybeIncorrect","expansion":null}],"children":[],"rendered":null}],"rendered":"\u001b[1m\u001b[91merror[E0609]\u001b[0m\u001b[1m: no field `awen_runtime_version` on type `ArtifactBundle`\u001b[0m\n  \u001b[1m\u001b[94m--> \u001b[0mtests/artifacts_integration.rs:71:21\n   \u001b[1m\u001b[94m|\u001b[0m\n\u001b[1m\u001b[94m71\u001b[0m \u001b[1m\u001b[94m|\u001b[0m     assert!(!bundle.awen_runtime_version.is_empty());\n   \u001b[1m\u001b[94m|\u001b[0m                     \u001b[1m\u001b[91m^^^^^^^^^^^^^^^^^^^^\u001b[0m \u001b[1m\u001b[91munknown field\u001b[0m\n   \u001b[1m\u001b[94m|\u001b[0m\n\u001b[1m\u001b[96mhelp\u001b[0m: one of the expressions' fields has a field of the same name\n   \u001b[1m\u001b[94m|\u001b[0m\n\u001b[1m\u001b[94m71\u001b[0m \u001b[1m\u001b[94m| \u001b[0m    assert!(!bundle.\u001b[92mmanifest.\u001b[0mawen_runtime_version.is_empty());\n   \u001b[1m\u001b[94m|\u001b[0m                     \u001b[92m+++++++++\u001b[0m\n\n"}
{"$message_type":"diagnostic","message":"struct `CreatorInfo` has no field named `name`","code":{"code":"E0560","explanation":"An unknown field was specified into a structure.\n\nErroneous code example:\n\n```compile_fail,E0560\nstruct Simba {\n    mother: u32,\n}\n\nlet s = Simba { mother: 1, father: 0 };\n// error: structure `Simba` has no field named `father`\n```\n\nVerify you didn't misspell the field's name or that the field exists. Example:\n\n```\nstruct Simba {\n    mother: u32,\n    father: u32,\n}\n\nlet s = Simba { mother: 1, father: 0 }; // ok!\n```\n"},"level":"error","spans":[{"file_name":"tests/artifacts_integration.rs","byte_start":7085,"byte_end":7089,"line_start":206,"line_end":206,"column_start":9,"column_end":13,"is_primary":true,"text":[{"text":"        name: \"test_user\".to_string(),","highlight_start":9,"highlight_end":13}],"label":"`CreatorInfo` does not have this field","suggested_replacement":null,"suggestion_applicability":null,"expansion":null}],"children":[{"message":"available fields are: `user`, `machine`","code":null,"level":"note","spans":[],"children":[],"rendered":null}],"rendered":"\u001b[1m\u001b[91merror[E0560]\u001b[0m\u001b[1m: struct `CreatorInfo` has no field named `name`\u001b[0m\n   \u001b[1m\u001b[94m--> \u001b[0mtests/artifacts_integration.rs:206:9\n    \u001b[1m\u001b[94m|\u001b[0m\n\u001b[1m\u001b[94m206\u001b[0m \u001b[1m\u001b[94m|\u001b[0m         name: \"test_user\".to_string(),\n    \u001b[1m\u001b[94m|\u001b[0m         \u001b[1m\u001b[91m^^^^\u001b[0m \u001b[1m\u001b[91m`CreatorInfo` does not have this field\u001b[0m\n    \u001b[1m\u001b[94m|\u001b[0m\n    \u001b[1m\u001b[94m= \u001b[0m\u001b[1mnote\u001b[0m: available fields are: `user`, `machine`\n\n"}
{"$message_type":"diagnostic","message":"mismatched types","code":{"code":"E0308","explanation":"Expected type did not match the received type.\n\nErroneous code examples:\n\n```compile_fail,E0308\nfn plus_one(x: i32) -> i32 {\n    x + 1\n}\n\nplus_one(\"Not a number\");\n//       ^^^^^^^^^^^^^^ expected `i32`, found `&str`\n\nif \"Not a bool\" {\n// ^^^^^^^^^^^^ expected `bool`, found `&str`\n}\n\nlet x: f32 = \"Not a float\";\n//     ---   ^^^^^^^^^^^^^ expected `f32`, found `&str`\n//     |\n//     expected due to this\n```\n\nThis error occurs when an expression was used in a place where the compiler\nexpected an expression of a different type. It can occur in several cases, the\nmost common being when calling a function and passing an argument which has a\ndifferent type than the matching type in the function declaration.\n"},"level":"error","spans":[{"file_name":"tests/artifacts_integration.rs","byte_start":7138,"byte_end":7160,"line_start":207,"line_end":207,"column_start":23,"column_end":45,"is_primary":true,"text":[{"text":"        organization: \"test_org\".to_string(),","highlight_start":23,"highlight_end":45}],"label":"expected `Option<String>`, found `String`","suggested_replacement":null,"suggestion_applicability":null,"expansion":null}],"children":[{"message":"expected enum `Option<std::string::String>`\n found struct `std::string::String`","code":null,"level":"note","spans":[],"children":[],"rendered":null},{"message":"try wrapping the expression in `Some`","code":null,"level":"help","spans":[{"file_name":"tests/artifacts_integration.rs","byte_start":7138,"byte_end":7138,"line_start":207,"line_end":207,"column_start":23,"column_end":23,"is_primary":true,"text":[{"text":"        organization: \"test_org\".to_string(),","highlight_start":23,"highlight_end":23}],"label":null,"suggested_replacement":"Some(","suggestion_applicability":"MaybeIncorrect","expansion":null},{"file_name":"tests/artifacts_integration.rs","byte_start":7160,"byte_end":7160,"line_start":207,"line_end":207,"column_start":45,"column_end":45,"is_primary":true,"text":[{"text":"        organization: \"test_org\".to_string(),","highlight_start":45,"highlight_end":45}],"label":null,"suggested_replacement":")","suggestion_applicability":"MaybeIncorrect","expansion":null}],"children":[],"rendered":null}],"rendered":"\u001b[1m\u001b[91merror[E0308]\u001b[0m\u001b[1m: mismatched types\u001b[0m\n   \u001b[1m\u001b[94m--> \u001b[0mtests/artifacts_integration.rs:207:23\n    \u001b[1m\u001b[94m|\u001b[0m\n\u001b[1m\u001b[94m207\u001b[0m \u001b[1m\u001b[94m|\u001b[0m         organization: \"test_org\".to_string(),\n    \u001b[1m\u001b[94m|\u001b[0m                       \u001b[1m\u001b[91m^^^^^^^^^^^^^^^^^^^^^^\u001b[0m \u001b[1m\u001b[91mexpected `Option<String>`, found `String`\u001b[0m\n    \u001b[1m\u001b[94m|\u001b[0m\n    \u001b[1m\u001b[94m= \u001b[0m\u001b[1mnote\u001b[0m: expected enum `\u001b[1m\u001b[35mOption<\u001b[0mstd::string::String\u001b[1m\u001b[35m>\u001b[0m`\n             found struct `std::string::String`\n\u001b[1m\u001b[96mhelp\u001b[0m: try wrapping the expression in `Some`\n    \u001b[1m\u001b[94m|\u001b[0m\n\u001b[1m\u001b[94m207\u001b[0m \u001b[1m\u001b[94m| \u001b[0m        organization: \u001b[92mSome(\u001b[0m\"test_org\".to_string()\u001b[92m)\u001b[0m,\n    \u001b[1m\u001b[94m|\u001b[0m                       \u001b[92m+++++\u001b[0m                      \u001b[92m+\u001b[0m\n\n"}
{"$message_type":"diagnostic","message":"struct `CreatorInfo` has no field named `timestamp`","code":{"code":"E0560","explanation":"An unknown field was specified into a structure.\n\nErroneous code example:\n\n```compile_fail,E0560\nstruct Simba {\n    mother: u32,\n}\n\nlet s = Simba { mother: 1, father: 0 };\n// error: structure `Simba` has no field named `father`\n```\n\nVerify you didn't misspell the field's name or that the field exists. Example:\n\n```\nstruct Simba {\n    mother: u32,\n    father: u32,\n}\n\nlet s = Simba { mother: 1, father: 0 }; // ok!\n```\n"},"level":"error","spans":[{"file_name":"tests/artifacts_integration.rs","byte_start":7170,"byte_end":7179,"line_start":208,"line_end":208,"column_start":9,"column_end":18,"is_primary":true,"text":[{"text":"        timestamp: chrono::Utc::now().to_rfc3339(),","highlight_start":9,"highlight_end":18}],"label":"`CreatorInfo` does not have this field","suggested_replacement":null,"suggestion_applicability":null,"expansion":null}],"children":[{"message":"available fields are: `user`, `machine`","code":null,"level":"note","spans":[],"children":[],"rendered":null}],"rendered":"\u001b[1m\u001b[91merror[E0560]\u001b[0m\u001b[1m: struct `CreatorInfo` has no field named `timestamp`\u001b[0m\n   \u001b[1m\u001b[94m--> \u001b[0mtests/artifacts_integration.rs:208:9\n    \u001b[1m\u001b[94m|\u001b[0m\n\u001b[1m\u001b[94m208\u001b[0m \u001b[1m\u001b[94m|\u001b[0m         timestamp: chrono::Utc::now().to_rfc3339(),\n    \u001b[1m\u001b[94m|\u001b[0m         \u001b[1m\u001b[91m^^^^^^^^^\u001b[0m \u001b[1m\u001b[91m`CreatorInfo` does not have this field\u001b[0m\n    \u001b[1m\u001b[94m|\u001b[0m\n    \u001b[1m\u001b[94m= \u001b[0m\u001b[1mnote\u001b[0m: available fields are: `user`, `machine`\n\n"}
{"$message_type":"diagnostic","message":"no method named `with_creator` found for struct `BundleBuilder` in the current scope","code":{"code":"E0599","explanation":"This error occurs when a method is used on a type which doesn't implement it:\n\nErroneous code example:\n\n```compile_fail,E0599\nstruct Mouth;\n\nlet x = Mouth;\nx.chocolate(); // error: no method named `chocolate` found for type `Mouth`\n               //        in the current scope\n```\n\nIn this case, you need to implement the `chocolate` method to fix the error:\n\n```\nstruct Mouth;\n\nimpl Mouth {\n    fn chocolate(&self) { // We implement the `chocolate` method here.\n        println!(\"Hmmm! I love chocolate!\");\n    }\n}\n\nlet x = Mouth;\nx.chocolate(); // ok!\n```\n"},"level":"error","spans":[{"file_name":"tests/artifacts_integration.rs","byte_start":7239,"byte_end":7331,"line_start":211,"line_end":213,"column_start":18,"column_end":10,"is_primary":false,"text":[{"text":"    let bundle = BundleBuilder::new(ArtifactType::Run, ir)","highlight_start":18,"highlight_end":59},{"text":"        .with_initial_parameters(params)","highlight_start":1,"highlight_end":41},{"text":"        .with_creator(creator.clone())","highlight_start":1,"highlight_end":10}],"label":"","suggested_replacement":null,"suggestion_applicability":null,"expansion":null},{"file_name":"tests/artifacts_integration.rs","byte_start":7331,"byte_end":7343,"line_start":213,"line_end":213,"column_start":10,"column_end":22,"is_primary":true,"text":[{"text":"        .with_creator(creator.clone())","highlight_start":10,"highlight_end":22}],"label":"method not found in `BundleBuilder`","suggested_replacement":null,"suggestion_applicability":null,"expansion":null}],"children":[],"rendered":"\u001b[1m\u001b[91merror[E0599]\u001b[0m\u001b[1m: no method named `with_creator` found for struct `BundleBuilder` in the current scope\u001b[0m\n   \u001b[1m\u001b[94m--> \u001b[0mtests/artifacts_integration.rs:213:10\n    \u001b[1m\u001b[94m|\u001b[0m\n\u001b[1m\u001b[94m211\u001b[0m \u001b[1m\u001b[94m|\u001b[0m       let bundle = BundleBuilder::new(ArtifactType::Run, ir)\n    \u001b[1m\u001b[94m|\u001b[0m \u001b[1m\u001b[94m __________________-\u001b[0m\n\u001b[1m\u001b[94m212\u001b[0m \u001b[1m\u001b[94m|\u001b[0m \u001b[1m\u001b[94m|\u001b[0m         .with_initial_parameters(params)\n\u001b[1m\u001b[94m213\u001b[0m \u001b[1m\u001b[94m|\u001b[0m \u001b[1m\u001b[94m|\u001b[0m         .with_creator(creator.clone())\n    \u001b[1m\u001b[94m|\u001b[0m \u001b[1m\u001b[94m|\u001b[0m         \u001b[1m\u001b[94m-\u001b[0m\u001b[1m\u001b[91m^^^^^^^^^^^^\u001b[0m \u001b[1m\u001b[91mmethod not found in `BundleBuilder`\u001b[0m\n    \u001b[1m\u001b[94m|\u001b[0m \u001b[1m\u001b[94m|_________|\u001b[0m\n    \u001b[1m\u001b[94m|\u001b[0m\n\n"}
{"$message_type":"diagnostic","message":"no field `citation` on type `ArtifactBundle`","code":{"code":"E0609","explanation":"Attempted to access a nonexistent field in a struct.\n\nErroneous code example:\n\n```compile_fail,E0609\nstruct StructWithFields {\n    x: u32,\n}\n\nlet s = StructWithFields { x: 0 };\nprintln!(\"{}\", s.foo); // error: no field `foo` on type `StructWithFields`\n```\n\nTo fix this error, check that you didn't misspell the field's name or that the\nfield actually exists. Example:\n\n```\nstruct StructWithFields {\n    x: u32,\n}\n\nlet s = StructWithFields { x: 0 };\nprintln!(\"{}\", s.x); // ok!\n```\n"},"level":"error","spans":[{"file_name":"tests/artifacts_integration.rs","byte_start":8002,"byte_end":8010,"line_start":236,"line_end":236,"column_start":21,"column_end":29,"is_primary":true,"text":[{"text":"    assert!(!bundle.citation.is_empty());","highlight_start":21,"highlight_end":29}],"label":"unknown field","suggested_replacement":null,"suggestion_applicability":null,"expansion":null}],"children":[{"message":"one of the expressions' fields has a field of the same name","code":null,"level":"help","spans":[{"file_name":"tests/artifacts_integration.rs","byte_start":8002,"byte_end":8002,"line_start":236,"line_end":236,"column_start":21,"column_end":21,"is_primary":true,"text":[{"text":"    assert!(!bundle.citation.is_empty());","highlight_start":21,"highlight_end":21}],"label":null,"suggested_replacement":"provenance.","suggestion_applicability":"MaybeIncorrect","expansion":null}],"children":[],"rendered":null}],"rendered":"\u001b[1m\u001b[91merror[E0609]\u001b[0m\u001b[1m: no field `citation` on type `ArtifactBundle`\u001b[0m\n   \u001b[1m\u001b[94m--> \u001b[0mtests/artifacts_integration.rs:236:21\n    \u001b[1m\u001b[94m|\u001b[0m\n\u001b[1m\u001b[94m236\u001b[0m \u001b[1m\u001b[94m|\u001b[0m     assert!(!bundle.citation.is_empty());\n    \u001b[1m\u001b[94m|\u001b[0m                     \u001b[1m\u001b[91m^^^^^^^^\u001b[0m \u001b[1m\u001b[91munknown field\u001b[0m\n    \u001b[1m\u001b[94m|\u001b[0m\n\u001b[1m\u001b[96mhelp\u001b[0m: one of the expressions' fields has a field of the same name\n    \u001b[1m\u001b[94m|\u001b[0m\n\u001b[1m\u001b[94m236\u001b[0m \u001b[1m\u001b[94m| \u001b[0m    assert!(!bundle.\u001b[92mprovenance.\u001b[0mcitation.is_empty());\n    \u001b[1m\u001b[94m|\u001b[0m                     \u001b[92m+++++++++++\u001b[0m\n\n"}
{"$message_type":"diagnostic","message":"no field `citation` on type `ArtifactBundle`","code":{"code":"E0609","explanation":"Attempted to access a nonexistent field in a struct.\n\nErroneous code example:\n\n```compile_fail,E0609\nstruct StructWithFields {\n    x: u32,\n}\n\nlet s = StructWithFields { x: 0 };\nprintln!(\"{}\", s.foo); // error: no field `foo` on type `StructWithFields`\n```\n\nTo fix this error, check that you didn't misspell the field's name or that the\nfield actually exists. Example:\n\n```\nstruct StructWithFields {\n    x: u32,\n}\n\nlet s = StructWithFields { x: 0 };\nprintln!(\"{}\", s.x); // ok!\n```\n"},"level":"error","spans":[{"file_name":"tests/artifacts_integration.rs","byte_start":8043,"byte_end":8051,"line_start":237,"line_end":237,"column_start":20,"column_end":28,"is_primary":true,"text":[{"text":"    assert!(bundle.citation.contains(\"Test Run\"));","highlight_start":20,"highlight_end":28}],"label":"unknown field","suggested_replacement":null,"suggestion_applicability":null,"expansion":null}],"children":[{"message":"one of the expressions' fields has a field of the same name","code":null,"level":"help","spans":[{"file_name":"tests/artifacts_integration.rs","byte_start":8043,"byte_end":8043,"line_start":237,"line_end":237,"column_start":20,"column_end":20,"is_primary":true,"text":[{"text":"    assert!(bundle.citation.contains(\"Test Run\"));","highlight_start":20,"highlight_end":20}],"label":null,"suggested_replacement":"provenance.","suggestion_applicability":"MaybeIncorrect","expansion":null}],"children":[],"rendered":null}],"rendered":"\u001b[1m\u001b[91merror[E0609]\u001b[0m\u001b[1m: no field `citation` on type `ArtifactBundle`\u001b[0m\n   \u001b[1m\u001b[94m--> \u001b[0mtests/artifacts_integration.rs:237:20\n    \u001b[1m\u001b[94m|\u001b[0m\n\u001b[1m\u001b[94m237\u001b[0m \u001b[1m\u001b[94m|\u001b[0m     assert!(bundle.citation.contains(\"Test Run\"));\n    \u001b[1m\u001b[94m|\u001b[0m                    \u001b[1m\u001b[91m^^^^^^^^\u001b[0m \u001b[1m\u001b[91munknown field\u001b[0m\n    \u001b[1m\u001b[94m|\u001b[0m\n\u001b[1m\u001b[96mhelp\u001b[0m: one of the expressions' fields has a field of the same name\n    \u001b[1m\u001b[94m|\u001b[0m\n\u001b[1m\u001b[94m237\u001b[0m \u001b[1m\u001b[94m| \u001b[0m    assert!(bundle.\u001b[92mprovenance.\u001b[0mcitation.contains(\"Test Run\"));\n    \u001b[1m\u001b[94m|\u001b[0m                    \u001b[92m+++++++++++\u001b[0m\n\n"}
{"$message_type":"diagnostic","message":"no field `citation` on type `ArtifactBundle`","code":{"code":"E0609","explanation":"Attempted to access a nonexistent field in a struct.\n\nErroneous code example:\n\n```compile_fail,E0609\nstruct StructWithFields {\n    x: u32,\n}\n\nlet s = StructWithFields { x: 0 };\nprintln!(\"{}\", s.foo); // error: no field `foo` on type `StructWithFields`\n```\n\nTo fix this error, check that you didn't misspell the field's name or that the\nfield actually exists. Example:\n\n```\nstruct StructWithFields {\n    x: u32,\n}\n\nlet s = StructWithFields { x: 0 };\nprintln!(\"{}\", s.x); // ok!\n```\n"},"level":"error","spans":[{"file_name":"tests/artifacts_integration.rs","byte_start":8094,"byte_end":8102,"line_start":238,"line_end":238,"column_start":20,"column_end":28,"is_primary":true,"text":[{"text":"    assert!(bundle.citation.contains(\"John Doe\"));","highlight_start":20,"highlight_end":28}],"label":"unknown field","suggested_replacement":null,"suggestion_applicability":null,"expansion":null}],"children":[{"message":"one of the expressions' fields has a field of the same name","code":null,"level":"help","spans":[{"file_name":"tests/artifacts_integration.rs","byte_start":8094,"byte_end":8094,"line_start":238,"line_end":238,"column_start":20,"column_end":20,"is_primary":true,"text":[{"text":"    assert!(bundle.citation.contains(\"John Doe\"));","highlight_start":20,"highlight_end":20}],"label":null,"suggested_replacement":"provenance.","suggestion_applicability":"MaybeIncorrect","expansion":null}],"children":[],"rendered":null}],"rendered":"\u001b[1m\u001b[91merror[E0609]\u001b[0m\u001b[1m: no field `citation` on type `ArtifactBundle`\u001b[0m\n   \u001b[1m\u001b[94m--> \u001b[0mtests/artifacts_integration.rs:238:20\n    \u001b[1m\u001b[94m|\u001b[0m\n\u001b[1m\u001b[94m238\u001b[0m \u001b[1m\u001b[94m|\u001b[0m     assert!(bundle.citation.contains(\"John Doe\"));\n    \u001b[1m\u001b[94m|\u001b[0m                    \u001b[1m\u001b[91m^^^^^^^^\u001b[0m \u001b[1m\u001b[91munknown field\u001b[0m\n    \u001b[1m\u001b[94m|\u001b[0m\n\u001b[1m\u001b[96mhelp\u001b[0m: one of the expressions' fields has a field of the same name\n    \u001b[1m\u001b[94m|\u001b[0m\n\u001b[1m\u001b[94m238\u001b[0m \u001b[1m\u001b[94m| \u001b[0m    assert!(bundle.\u001b[92mprovenance.\u001b[0mcitation.contains(\"John Doe\"));\n    \u001b[1m\u001b[94m|\u001b[0m                    \u001b[92m+++++++++++\u001b[0m\n\n"}
{"$message_type":"diagnostic","message":"no field `cpu_cores` on type `DeviceInfo`","code":{"code":"E0609","explanation":"Attempted to access a nonexistent field in a struct.\n\nErroneous code example:\n\n```compile_fail,E0609\nstruct StructWithFields {\n    x: u32,\n}\n\nlet s = StructWithFields { x: 0 };\nprintln!(\"{}\", s.foo); // error: no field `foo` on type `StructWithFields`\n```\n\nTo fix this error, check that you didn't misspell the field's name or that the\nfield actually exists. Example:\n\n```\nstruct StructWithFields {\n    x: u32,\n}\n\nlet s = StructWithFields { x: 0 };\nprintln!(\"{}\", s.x); // ok!\n```\n"},"level":"error","spans":[{"file_name":"tests/artifacts_integration.rs","byte_start":8478,"byte_end":8487,"line_start":254,"line_end":254,"column_start":24,"column_end":33,"is_primary":true,"text":[{"text":"    assert!(env.device.cpu_cores > 0);","highlight_start":24,"highlight_end":33}],"label":"unknown field","suggested_replacement":null,"suggestion_applicability":null,"expansion":null}],"children":[{"message":"available fields are: `device_type`, `device_id`, `capabilities`, `firmware_version`, `calibration_date`","code":null,"level":"note","spans":[],"children":[],"rendered":null}],"rendered":"\u001b[1m\u001b[91merror[E0609]\u001b[0m\u001b[1m: no field `cpu_cores` on type `DeviceInfo`\u001b[0m\n   \u001b[1m\u001b[94m--> \u001b[0mtests/artifacts_integration.rs:254:24\n    \u001b[1m\u001b[94m|\u001b[0m\n\u001b[1m\u001b[94m254\u001b[0m \u001b[1m\u001b[94m|\u001b[0m     assert!(env.device.cpu_cores > 0);\n    \u001b[1m\u001b[94m|\u001b[0m                        \u001b[1m\u001b[91m^^^^^^^^^\u001b[0m \u001b[1m\u001b[91munknown field\u001b[0m\n    \u001b[1m\u001b[94m|\u001b[0m\n    \u001b[1m\u001b[94m= \u001b[0m\u001b[1mnote\u001b[0m: available fields are: `device_type`, `device_id`, `capabilities`, `firmware_version`, `calibration_date`\n\n"}
{"$message_type":"diagnostic","message":"no field `total_memory_gb` on type `DeviceInfo`","code":{"code":"E0609","explanation":"Attempted to access a nonexistent field in a struct.\n\nErroneous code example:\n\n```compile_fail,E0609\nstruct StructWithFields {\n    x: u32,\n}\n\nlet s = StructWithFields { x: 0 };\nprintln!(\"{}\", s.foo); // error: no field `foo` on type `StructWithFields`\n```\n\nTo fix this error, check that you didn't misspell the field's name or that the\nfield actually exists. Example:\n\n```\nstruct StructWithFields {\n    x: u32,\n}\n\nlet s = StructWithFields { x: 0 };\nprintln!(\"{}\", s.x); // ok!\n```\n"},"level":"error","spans":[{"file_name":"tests/artifacts_integration.rs","byte_start":8517,"byte_end":8532,"line_start":255,"line_end":255,"column_start":24,"column_end":39,"is_primary":true,"text":[{"text":"    assert!(env.device.total_memory_gb >= 0.0);","highlight_start":24,"highlight_end":39}],"label":"unknown field","suggested_replacement":null,"suggestion_applicability":null,"expansion":null}],"children":[{"message":"available fields are: `device_type`, `device_id`, `capabilities`, `firmware_version`, `calibration_date`","code":null,"level":"note","spans":[],"children":[],"rendered":null}],"rendered":"\u001b[1m\u001b[91merror[E0609]\u001b[0m\u001b[1m: no field `total_memory_gb` on type `DeviceInfo`\u001b[0m\n   \u001b[1m\u001b[94m--> \u001b[0mtests/artifacts_integration.rs:255:24\n    \u001b[1m\u001b[94m|\u001b[0m\n\u001b[1m\u001b[94m255\u001b[0m \u001b[1m\u001b[94m|\u001b[0m     assert!(env.device.total_memory_gb >= 0.0);\n    \u001b[1m\u001b[94m|\u001b[0m                        \u001b[1m\u001b[91m^^^^^^^^^^^^^^^\u001b[0m \u001b[1m\u001b[91munknown field\u001b[0m\n    \u001b[1m\u001b[94m|\u001b[0m\n    \u001b[1m\u001b[94m= \u001b[0m\u001b[1mnote\u001b[0m: available fields are: `device_type`, `device_id`, `capabilities`, `firmware_version`, `calibration_date`\n\n"}
{"$message_type":"diagnostic","message":"aborting due to 12 previous errors; 2 warnings emitted","code":null,"level":"error","spans":[],"children":[],"rendered":"\u001b[1m\u001b[91merror\u001b[0m\u001b[1m: aborting due to 12 previous errors; 2 warnings emitted\u001b[0m\n\n"}
{"$message_type":"diagnostic","message":"Some errors have detailed explanations: E0308, E0432, E0560, E0599, E0609.","code":null,"level":"failure-note","spans":[],"children":[],"rendered":"\u001b[1mSome errors have detailed explanations: E0308, E0432, E0560, E0599, E0609.\u001b[0m\n"}
{"$message_type":"diagnostic","message":"For more information about an error, try `rustc --explain E0308`.","code":null,"level":"failure-note","spans":[],"children":[],"rendered":"\u001b[1mFor more information about an error, try `rustc --explain E0308`.\u001b[0m\n"}
