{"$message_type":"diagnostic","message":"unresolved imports `awen_runtime::observability::ObservabilityContext`, `awen_runtime::observability::Level`","code":{"code":"E0432","explanation":"An import was unresolved.\n\nErroneous code example:\n\n```compile_fail,E0432\nuse something::Foo; // error: unresolved import `something::Foo`.\n```\n\nIn Rust 2015, paths in `use` statements are relative to the crate root. To\nimport items relative to the current and parent modules, use the `self::` and\n`super::` prefixes, respectively.\n\nIn Rust 2018 or later, paths in `use` statements are relative to the current\nmodule unless they begin with the name of a crate or a literal `crate::`, in\nwhich case they start from the crate root. As in Rust 2015 code, the `self::`\nand `super::` prefixes refer to the current and parent modules respectively.\n\nAlso verify that you didn't misspell the import name and that the import exists\nin the module from where you tried to import it. Example:\n\n```\nuse self::something::Foo; // Ok.\n\nmod something {\n    pub struct Foo;\n}\n# fn main() {}\n```\n\nIf you tried to use a module from an external crate and are using Rust 2015,\nyou may have missed the `extern crate` declaration (which is usually placed in\nthe crate root):\n\n```edition2015\nextern crate core; // Required to use the `core` crate in Rust 2015.\n\nuse core::any;\n# fn main() {}\n```\n\nSince Rust 2018 the `extern crate` declaration is not required and\nyou can instead just `use` it:\n\n```edition2018\nuse core::any; // No extern crate required in Rust 2018.\n# fn main() {}\n```\n"},"level":"error","spans":[{"file_name":"tests/observability_integration.rs","byte_start":165,"byte_end":185,"line_start":5,"line_end":5,"column_start":35,"column_end":55,"is_primary":true,"text":[{"text":"use awen_runtime::observability::{ObservabilityContext, Level};","highlight_start":35,"highlight_end":55}],"label":"no `ObservabilityContext` in `observability`","suggested_replacement":null,"suggestion_applicability":null,"expansion":null},{"file_name":"tests/observability_integration.rs","byte_start":187,"byte_end":192,"line_start":5,"line_end":5,"column_start":57,"column_end":62,"is_primary":true,"text":[{"text":"use awen_runtime::observability::{ObservabilityContext, Level};","highlight_start":57,"highlight_end":62}],"label":"no `Level` in `observability`","suggested_replacement":null,"suggestion_applicability":null,"expansion":null}],"children":[{"message":"consider importing this enum instead:\nlog::Level","code":null,"level":"help","spans":[],"children":[],"rendered":null}],"rendered":"\u001b[1m\u001b[91merror[E0432]\u001b[0m\u001b[1m: unresolved imports `awen_runtime::observability::ObservabilityContext`, `awen_runtime::observability::Level`\u001b[0m\n \u001b[1m\u001b[94m--> \u001b[0mtests/observability_integration.rs:5:35\n  \u001b[1m\u001b[94m|\u001b[0m\n\u001b[1m\u001b[94m5\u001b[0m \u001b[1m\u001b[94m|\u001b[0m use awen_runtime::observability::{ObservabilityContext, Level};\n  \u001b[1m\u001b[94m|\u001b[0m                                   \u001b[1m\u001b[91m^^^^^^^^^^^^^^^^^^^^\u001b[0m  \u001b[1m\u001b[91m^^^^^\u001b[0m \u001b[1m\u001b[91mno `Level` in `observability`\u001b[0m\n  \u001b[1m\u001b[94m|\u001b[0m                                   \u001b[1m\u001b[91m|\u001b[0m\n  \u001b[1m\u001b[94m|\u001b[0m                                   \u001b[1m\u001b[91mno `ObservabilityContext` in `observability`\u001b[0m\n  \u001b[1m\u001b[94m|\u001b[0m\n  \u001b[1m\u001b[94m= \u001b[0m\u001b[1mhelp\u001b[0m: consider importing this enum instead:\n          log::Level\n\n"}
{"$message_type":"diagnostic","message":"unresolved import `awen_runtime::observability::timeline`","code":{"code":"E0432","explanation":"An import was unresolved.\n\nErroneous code example:\n\n```compile_fail,E0432\nuse something::Foo; // error: unresolved import `something::Foo`.\n```\n\nIn Rust 2015, paths in `use` statements are relative to the crate root. To\nimport items relative to the current and parent modules, use the `self::` and\n`super::` prefixes, respectively.\n\nIn Rust 2018 or later, paths in `use` statements are relative to the current\nmodule unless they begin with the name of a crate or a literal `crate::`, in\nwhich case they start from the crate root. As in Rust 2015 code, the `self::`\nand `super::` prefixes refer to the current and parent modules respectively.\n\nAlso verify that you didn't misspell the import name and that the import exists\nin the module from where you tried to import it. Example:\n\n```\nuse self::something::Foo; // Ok.\n\nmod something {\n    pub struct Foo;\n}\n# fn main() {}\n```\n\nIf you tried to use a module from an external crate and are using Rust 2015,\nyou may have missed the `extern crate` declaration (which is usually placed in\nthe crate root):\n\n```edition2015\nextern crate core; // Required to use the `core` crate in Rust 2015.\n\nuse core::any;\n# fn main() {}\n```\n\nSince Rust 2018 the `extern crate` declaration is not required and\nyou can instead just `use` it:\n\n```edition2018\nuse core::any; // No extern crate required in Rust 2018.\n# fn main() {}\n```\n"},"level":"error","spans":[{"file_name":"tests/observability_integration.rs","byte_start":11961,"byte_end":11969,"line_start":266,"line_end":266,"column_start":38,"column_end":46,"is_primary":true,"text":[{"text":"    use awen_runtime::observability::timeline::lanes;","highlight_start":38,"highlight_end":46}],"label":"could not find `timeline` in `observability`","suggested_replacement":null,"suggestion_applicability":null,"expansion":null}],"children":[],"rendered":"\u001b[1m\u001b[91merror[E0432]\u001b[0m\u001b[1m: unresolved import `awen_runtime::observability::timeline`\u001b[0m\n   \u001b[1m\u001b[94m--> \u001b[0mtests/observability_integration.rs:266:38\n    \u001b[1m\u001b[94m|\u001b[0m\n\u001b[1m\u001b[94m266\u001b[0m \u001b[1m\u001b[94m|\u001b[0m     use awen_runtime::observability::timeline::lanes;\n    \u001b[1m\u001b[94m|\u001b[0m                                      \u001b[1m\u001b[91m^^^^^^^^\u001b[0m \u001b[1m\u001b[91mcould not find `timeline` in `observability`\u001b[0m\n\n"}
{"$message_type":"diagnostic","message":"failed to resolve: could not find `MetricType` in `observability`","code":{"code":"E0433","explanation":"An undeclared crate, module, or type was used.\n\nErroneous code example:\n\n```compile_fail,E0433\nlet map = HashMap::new();\n// error: failed to resolve: use of undeclared type `HashMap`\n```\n\nPlease verify you didn't misspell the type/module's name or that you didn't\nforget to import it:\n\n```\nuse std::collections::HashMap; // HashMap has been imported.\nlet map: HashMap<u32, u32> = HashMap::new(); // So it can be used!\n```\n\nIf you've expected to use a crate name:\n\n```compile_fail\nuse ferris_wheel::BigO;\n// error: failed to resolve: use of undeclared module or unlinked crate\n```\n\nMake sure the crate has been added as a dependency in `Cargo.toml`.\n\nTo use a module from your current crate, add the `crate::` prefix to the path.\n"},"level":"error","spans":[{"file_name":"tests/observability_integration.rs","byte_start":10579,"byte_end":10589,"line_start":230,"line_end":230,"column_start":66,"column_end":76,"is_primary":true,"text":[{"text":"    assert_eq!(counter.metric_type, awen_runtime::observability::MetricType::Counter);","highlight_start":66,"highlight_end":76}],"label":"could not find `MetricType` in `observability`","suggested_replacement":null,"suggestion_applicability":null,"expansion":null}],"children":[],"rendered":"\u001b[1m\u001b[91merror[E0433]\u001b[0m\u001b[1m: failed to resolve: could not find `MetricType` in `observability`\u001b[0m\n   \u001b[1m\u001b[94m--> \u001b[0mtests/observability_integration.rs:230:66\n    \u001b[1m\u001b[94m|\u001b[0m\n\u001b[1m\u001b[94m230\u001b[0m \u001b[1m\u001b[94m|\u001b[0m     assert_eq!(counter.metric_type, awen_runtime::observability::MetricType::Counter);\n    \u001b[1m\u001b[94m|\u001b[0m                                                                  \u001b[1m\u001b[91m^^^^^^^^^^\u001b[0m \u001b[1m\u001b[91mcould not find `MetricType` in `observability`\u001b[0m\n\n"}
{"$message_type":"diagnostic","message":"failed to resolve: could not find `MetricType` in `observability`","code":{"code":"E0433","explanation":"An undeclared crate, module, or type was used.\n\nErroneous code example:\n\n```compile_fail,E0433\nlet map = HashMap::new();\n// error: failed to resolve: use of undeclared type `HashMap`\n```\n\nPlease verify you didn't misspell the type/module's name or that you didn't\nforget to import it:\n\n```\nuse std::collections::HashMap; // HashMap has been imported.\nlet map: HashMap<u32, u32> = HashMap::new(); // So it can be used!\n```\n\nIf you've expected to use a crate name:\n\n```compile_fail\nuse ferris_wheel::BigO;\n// error: failed to resolve: use of undeclared module or unlinked crate\n```\n\nMake sure the crate has been added as a dependency in `Cargo.toml`.\n\nTo use a module from your current crate, add the `crate::` prefix to the path.\n"},"level":"error","spans":[{"file_name":"tests/observability_integration.rs","byte_start":10743,"byte_end":10753,"line_start":233,"line_end":233,"column_start":64,"column_end":74,"is_primary":true,"text":[{"text":"    assert_eq!(gauge.metric_type, awen_runtime::observability::MetricType::Gauge);","highlight_start":64,"highlight_end":74}],"label":"could not find `MetricType` in `observability`","suggested_replacement":null,"suggestion_applicability":null,"expansion":null}],"children":[],"rendered":"\u001b[1m\u001b[91merror[E0433]\u001b[0m\u001b[1m: failed to resolve: could not find `MetricType` in `observability`\u001b[0m\n   \u001b[1m\u001b[94m--> \u001b[0mtests/observability_integration.rs:233:64\n    \u001b[1m\u001b[94m|\u001b[0m\n\u001b[1m\u001b[94m233\u001b[0m \u001b[1m\u001b[94m|\u001b[0m     assert_eq!(gauge.metric_type, awen_runtime::observability::MetricType::Gauge);\n    \u001b[1m\u001b[94m|\u001b[0m                                                                \u001b[1m\u001b[91m^^^^^^^^^^\u001b[0m \u001b[1m\u001b[91mcould not find `MetricType` in `observability`\u001b[0m\n\n"}
{"$message_type":"diagnostic","message":"failed to resolve: could not find `MetricType` in `observability`","code":{"code":"E0433","explanation":"An undeclared crate, module, or type was used.\n\nErroneous code example:\n\n```compile_fail,E0433\nlet map = HashMap::new();\n// error: failed to resolve: use of undeclared type `HashMap`\n```\n\nPlease verify you didn't misspell the type/module's name or that you didn't\nforget to import it:\n\n```\nuse std::collections::HashMap; // HashMap has been imported.\nlet map: HashMap<u32, u32> = HashMap::new(); // So it can be used!\n```\n\nIf you've expected to use a crate name:\n\n```compile_fail\nuse ferris_wheel::BigO;\n// error: failed to resolve: use of undeclared module or unlinked crate\n```\n\nMake sure the crate has been added as a dependency in `Cargo.toml`.\n\nTo use a module from your current crate, add the `crate::` prefix to the path.\n"},"level":"error","spans":[{"file_name":"tests/observability_integration.rs","byte_start":10917,"byte_end":10927,"line_start":236,"line_end":236,"column_start":68,"column_end":78,"is_primary":true,"text":[{"text":"    assert_eq!(histogram.metric_type, awen_runtime::observability::MetricType::Histogram);","highlight_start":68,"highlight_end":78}],"label":"could not find `MetricType` in `observability`","suggested_replacement":null,"suggestion_applicability":null,"expansion":null}],"children":[],"rendered":"\u001b[1m\u001b[91merror[E0433]\u001b[0m\u001b[1m: failed to resolve: could not find `MetricType` in `observability`\u001b[0m\n   \u001b[1m\u001b[94m--> \u001b[0mtests/observability_integration.rs:236:68\n    \u001b[1m\u001b[94m|\u001b[0m\n\u001b[1m\u001b[94m236\u001b[0m \u001b[1m\u001b[94m|\u001b[0m     assert_eq!(histogram.metric_type, awen_runtime::observability::MetricType::Histogram);\n    \u001b[1m\u001b[94m|\u001b[0m                                                                    \u001b[1m\u001b[91m^^^^^^^^^^\u001b[0m \u001b[1m\u001b[91mcould not find `MetricType` in `observability`\u001b[0m\n\n"}
{"$message_type":"diagnostic","message":"aborting due to 5 previous errors","code":null,"level":"error","spans":[],"children":[],"rendered":"\u001b[1m\u001b[91merror\u001b[0m\u001b[1m: aborting due to 5 previous errors\u001b[0m\n\n"}
{"$message_type":"diagnostic","message":"Some errors have detailed explanations: E0432, E0433.","code":null,"level":"failure-note","spans":[],"children":[],"rendered":"\u001b[1mSome errors have detailed explanations: E0432, E0433.\u001b[0m\n"}
{"$message_type":"diagnostic","message":"For more information about an error, try `rustc --explain E0432`.","code":null,"level":"failure-note","spans":[],"children":[],"rendered":"\u001b[1mFor more information about an error, try `rustc --explain E0432`.\u001b[0m\n"}
